#
# There is insufficient memory for the Java Runtime Environment to continue.
# Native memory allocation (mmap) failed to map 260046848 bytes for G1 virtual space
# Possible reasons:
#   The system is out of physical RAM or swap space
#   The process is running with CompressedOops enabled, and the Java Heap may be blocking the growth of the native heap
# Possible solutions:
#   Reduce memory load on the system
#   Increase physical memory or swap space
#   Check if swap backing store is full
#   Decrease Java heap size (-Xmx/-Xms)
#   Decrease number of Java threads
#   Decrease Java thread stack sizes (-Xss)
#   Set larger code cache with -XX:ReservedCodeCacheSize=
#   JVM is running with Zero Based Compressed Oops mode in which the Java heap is
#     placed in the first 32GB address space. The Java Heap base address is the
#     maximum limit for the native heap growth. Please use -XX:HeapBaseMinAddress
#     to set the Java Heap base and to place the Java Heap above 32GB virtual address.
# This output file may be truncated or incomplete.
#
#  Out of Memory Error (os_windows.cpp:3532), pid=4904, tid=6692
#
# JRE version:  (17.0.2+8) (build )
# Java VM: Java HotSpot(TM) 64-Bit Server VM (17.0.2+8-LTS-86, mixed mode, sharing, tiered, compressed oops, compressed class ptrs, g1 gc, windows-amd64)
# No core dump will be written. Minidumps are not enabled by default on client versions of Windows
#

---------------  S U M M A R Y ------------

Command Line: create_structure.HBaseClientStructure

Host: AMD Ryzen 3 1200 Quad-Core Processor           , 4 cores, 15G,  Windows 10 , 64 bit Build 19041 (10.0.19041.4597)
Time: Thu Jul 18 18:42:06 2024 SE Asia Standard Time elapsed time: 0.089622 seconds (0d 0h 0m 0s)

---------------  T H R E A D  ---------------

Current thread (0x000002353117e2d0):  JavaThread "Unknown thread" [_thread_in_vm, id=6692, stack(0x000000aee1d00000,0x000000aee1e00000)]

Stack: [0x000000aee1d00000,0x000000aee1e00000]
Native frames: (J=compiled Java code, j=interpreted, Vv=VM code, C=native code)
V  [jvm.dll+0x670baa]
V  [jvm.dll+0x7cfcb4]
V  [jvm.dll+0x7d145e]
V  [jvm.dll+0x7d1ac3]
V  [jvm.dll+0x242bc5]
V  [jvm.dll+0x66dac9]
V  [jvm.dll+0x662412]
V  [jvm.dll+0x300c0b]
V  [jvm.dll+0x3081a6]
V  [jvm.dll+0x357d0e]
V  [jvm.dll+0x357f3f]
V  [jvm.dll+0x2d7ec8]
V  [jvm.dll+0x2d8e34]
V  [jvm.dll+0x7a18c1]
V  [jvm.dll+0x365a91]
V  [jvm.dll+0x780d2c]
V  [jvm.dll+0x3e845f]
V  [jvm.dll+0x3e9f01]
C  [jli.dll+0x527b]
C  [ucrtbase.dll+0x21bb2]
C  [KERNEL32.DLL+0x17374]
C  [ntdll.dll+0x4cc91]


---------------  P R O C E S S  ---------------

Threads class SMR info:
_java_thread_list=0x00007ffe311c9858, length=0, elements={
}

Java Threads: ( => current thread )

Other Threads:
  0x00000235311cca30 GCTaskThread "GC Thread#0" [stack: 0x000000aee1e00000,0x000000aee1f00000] [id=9484]
  0x00000235311de010 ConcurrentGCThread "G1 Main Marker" [stack: 0x000000aee1f00000,0x000000aee2000000] [id=3556]
  0x00000235311df940 ConcurrentGCThread "G1 Conc#0" [stack: 0x000000aee2000000,0x000000aee2100000] [id=6236]

[error occurred during error reporting (printing all threads), id 0xc0000005, EXCEPTION_ACCESS_VIOLATION (0xc0000005) at pc=0x00007ffe30a188a7]

VM state: not at safepoint (not fully initialized)

VM Mutex/Monitor currently owned by a thread:  ([mutex/lock_event])
[0x000002353117b950] Heap_lock - owner thread: 0x000002353117e2d0

Heap address: 0x0000000708800000, size: 3960 MB, Compressed Oops mode: Zero based, Oop shift amount: 3

CDS archive(s) mapped at: [0x0000000000000000-0x0000000000000000-0x0000000000000000), size 0, SharedBaseAddress: 0x0000000800000000, ArchiveRelocationMode: 0.
Narrow klass base: 0x0000000000000000, Narrow klass shift: 0, Narrow klass range: 0x0

GC Precious Log:
<Empty>

Heap:
 garbage-first heap   total 0K, used 0K [0x0000000708800000, 0x0000000800000000)
  region size 2048K, 0 young (0K), 0 survivors (0K)

[error occurred during error reporting (printing heap information), id 0xc0000005, EXCEPTION_ACCESS_VIOLATION (0xc0000005) at pc=0x00007ffe30df9f19]

GC Heap History (0 events):
No events

Deoptimization events (0 events):
No events

Classes unloaded (0 events):
No events

Classes redefined (0 events):
No events

Internal exceptions (0 events):
No events

VM Operations (0 events):
No events

Events (1 events):
Event: 0.012 Loaded shared library D:\Program Files\Java\jdk-17.0.2\bin\java.dll


Dynamic libraries:
0x00007ff7b36d0000 - 0x00007ff7b36e0000 	D:\Program Files\Java\jdk-17.0.2\bin\java.exe
0x00007ffe660d0000 - 0x00007ffe662c8000 	C:\Windows\SYSTEM32\ntdll.dll
0x00007ffe64f00000 - 0x00007ffe64fc1000 	C:\Windows\System32\KERNEL32.DLL
0x00007ffe63a90000 - 0x00007ffe63d86000 	C:\Windows\System32\KERNELBASE.dll
0x00007ffe63780000 - 0x00007ffe63880000 	C:\Windows\System32\ucrtbase.dll
0x00007ffe5f630000 - 0x00007ffe5f648000 	D:\Program Files\Java\jdk-17.0.2\bin\jli.dll
0x00007ffe64380000 - 0x00007ffe64430000 	C:\Windows\System32\ADVAPI32.dll
0x00007ffe65d90000 - 0x00007ffe65e2e000 	C:\Windows\System32\msvcrt.dll
0x00007ffe642d0000 - 0x00007ffe64370000 	C:\Windows\System32\sechost.dll
0x00007ffe60050000 - 0x00007ffe6006a000 	D:\Program Files\Java\jdk-17.0.2\bin\VCRUNTIME140.dll
0x00007ffe65580000 - 0x00007ffe656a3000 	C:\Windows\System32\RPCRT4.dll
0x00007ffe63f70000 - 0x00007ffe63f97000 	C:\Windows\System32\bcrypt.dll
0x00007ffe64100000 - 0x00007ffe6429f000 	C:\Windows\System32\USER32.dll
0x00007ffe640d0000 - 0x00007ffe640f2000 	C:\Windows\System32\win32u.dll
0x00007ffe642a0000 - 0x00007ffe642cb000 	C:\Windows\System32\GDI32.dll
0x00007ffe63e50000 - 0x00007ffe63f67000 	C:\Windows\System32\gdi32full.dll
0x00007ffe546b0000 - 0x00007ffe5494a000 	C:\Windows\WinSxS\amd64_microsoft.windows.common-controls_6595b64144ccf1df_6.0.19041.4355_none_60b8b9eb71f62e16\COMCTL32.dll
0x00007ffe64030000 - 0x00007ffe640cd000 	C:\Windows\System32\msvcp_win.dll
0x00007ffe5bfe0000 - 0x00007ffe5bfea000 	C:\Windows\SYSTEM32\VERSION.dll
0x00007ffe654c0000 - 0x00007ffe654ef000 	C:\Windows\System32\IMM32.DLL
0x00007ffe60b50000 - 0x00007ffe60b5c000 	D:\Program Files\Java\jdk-17.0.2\bin\vcruntime140_1.dll
0x00007ffe4b060000 - 0x00007ffe4b0ed000 	D:\Program Files\Java\jdk-17.0.2\bin\msvcp140.dll
0x00007ffe30730000 - 0x00007ffe312f1000 	D:\Program Files\Java\jdk-17.0.2\bin\server\jvm.dll
0x00007ffe64370000 - 0x00007ffe64378000 	C:\Windows\System32\PSAPI.DLL
0x00007ffe43060000 - 0x00007ffe43069000 	C:\Windows\SYSTEM32\WSOCK32.dll
0x00007ffe65ee0000 - 0x00007ffe65f4b000 	C:\Windows\System32\WS2_32.dll
0x00007ffe572c0000 - 0x00007ffe572e7000 	C:\Windows\SYSTEM32\WINMM.dll
0x00007ffe61fe0000 - 0x00007ffe61ff2000 	C:\Windows\SYSTEM32\kernel.appcore.dll
0x00007ffe5ffb0000 - 0x00007ffe5ffba000 	D:\Program Files\Java\jdk-17.0.2\bin\jimage.dll
0x00007ffe61da0000 - 0x00007ffe61f84000 	C:\Windows\SYSTEM32\DBGHELP.DLL
0x00007ffe43790000 - 0x00007ffe437c4000 	C:\Windows\SYSTEM32\dbgcore.DLL
0x00007ffe63fa0000 - 0x00007ffe64022000 	C:\Windows\System32\bcryptPrimitives.dll
0x00007ffe5ffe0000 - 0x00007ffe60005000 	D:\Program Files\Java\jdk-17.0.2\bin\java.dll

dbghelp: loaded successfully - version: 4.0.5 - missing functions: none
symbol engine: initialized successfully - sym options: 0x614 - pdb path: .;D:\Program Files\Java\jdk-17.0.2\bin;C:\Windows\SYSTEM32;C:\Windows\WinSxS\amd64_microsoft.windows.common-controls_6595b64144ccf1df_6.0.19041.4355_none_60b8b9eb71f62e16;D:\Program Files\Java\jdk-17.0.2\bin\server

VM Arguments:
java_command: create_structure.HBaseClientStructure
java_class_path (initial): D:\3.PEKERJAAN\BACKEND\skripsi-big-data-main\backend\hbase_ternaksapi2\target\classes;C:\Users\senja\.m2\repository\org\springframework\boot\spring-boot-starter-security\2.5.5\spring-boot-starter-security-2.5.5.jar;C:\Users\senja\.m2\repository\org\springframework\boot\spring-boot-starter\2.5.5\spring-boot-starter-2.5.5.jar;C:\Users\senja\.m2\repository\org\springframework\boot\spring-boot\2.5.5\spring-boot-2.5.5.jar;C:\Users\senja\.m2\repository\org\springframework\boot\spring-boot-autoconfigure\2.5.5\spring-boot-autoconfigure-2.5.5.jar;C:\Users\senja\.m2\repository\org\springframework\boot\spring-boot-starter-logging\2.5.5\spring-boot-starter-logging-2.5.5.jar;C:\Users\senja\.m2\repository\ch\qos\logback\logback-classic\1.2.6\logback-classic-1.2.6.jar;C:\Users\senja\.m2\repository\ch\qos\logback\logback-core\1.2.6\logback-core-1.2.6.jar;C:\Users\senja\.m2\repository\org\apache\logging\log4j\log4j-to-slf4j\2.14.1\log4j-to-slf4j-2.14.1.jar;C:\Users\senja\.m2\repository\org\apache\logging\log4j\log4j-api\2.14.1\log4j-api-2.14.1.jar;C:\Users\senja\.m2\repository\org\slf4j\jul-to-slf4j\1.7.32\jul-to-slf4j-1.7.32.jar;C:\Users\senja\.m2\repository\jakarta\annotation\jakarta.annotation-api\1.3.5\jakarta.annotation-api-1.3.5.jar;C:\Users\senja\.m2\repository\org\yaml\snakeyaml\1.28\snakeyaml-1.28.jar;C:\Users\senja\.m2\repository\org\springframework\spring-aop\5.3.10\spring-aop-5.3.10.jar;C:\Users\senja\.m2\repository\org\springframework\security\spring-security-config\5.5.2\spring-security-config-5.5.2.jar;C:\Users\senja\.m2\repository\org\springframework\security\spring-security-web\5.5.2\spring-security-web-5.5.2.jar;C:\Users\senja\.m2\repository\org\springframework\boot\spring-boot-starter-web\2.5.5\spring-boot-starter-web-2.5.5.jar;C:\Users\senja\.m2\repository\org\springframework\boot\spring-boot-starter-json\2.5.5\spring-boot-starter-json-2.5.5.jar;C:\Users\senja\.m2\repository\com\fasterxml\jackson\datatype\jackson-datatype-jdk8\2.12.5\
Launcher Type: SUN_STANDARD

[Global flags]
     intx CICompilerCount                          = 3                                         {product} {ergonomic}
     uint ConcGCThreads                            = 1                                         {product} {ergonomic}
     uint G1ConcRefinementThreads                  = 4                                         {product} {ergonomic}
   size_t G1HeapRegionSize                         = 2097152                                   {product} {ergonomic}
    uintx GCDrainStackTargetSize                   = 64                                        {product} {ergonomic}
   size_t InitialHeapSize                          = 260046848                                 {product} {ergonomic}
   size_t MarkStackSize                            = 4194304                                   {product} {ergonomic}
   size_t MaxHeapSize                              = 4152360960                                {product} {ergonomic}
   size_t MinHeapDeltaBytes                        = 2097152                                   {product} {ergonomic}
   size_t MinHeapSize                              = 8388608                                   {product} {ergonomic}
    uintx NonNMethodCodeHeapSize                   = 5832780                                {pd product} {ergonomic}
    uintx NonProfiledCodeHeapSize                  = 122912730                              {pd product} {ergonomic}
    uintx ProfiledCodeHeapSize                     = 122912730                              {pd product} {ergonomic}
    uintx ReservedCodeCacheSize                    = 251658240                              {pd product} {ergonomic}
     bool SegmentedCodeCache                       = true                                      {product} {ergonomic}
   size_t SoftMaxHeapSize                          = 4152360960                             {manageable} {ergonomic}
     bool UseCompressedClassPointers               = true                           {product lp64_product} {ergonomic}
     bool UseCompressedOops                        = true                           {product lp64_product} {ergonomic}
     bool UseG1GC                                  = true                                      {product} {ergonomic}
     bool UseLargePagesIndividualAllocation        = false                                  {pd product} {ergonomic}

Logging:
Log output configuration:
 #0: stdout all=warning uptime,level,tags
 #1: stderr all=off uptime,level,tags

Environment Variables:
JAVA_HOME=D:\Program Files\Java\jdk-17.0.2
PATH=C:\Python312\Scripts\;C:\Python312\;C:\Program Files\Common Files\Oracle\Java\javapath;C:\Windows\system32;C:\Windows;C:\Windows\System32\Wbem;C:\Windows\System32\WindowsPowerShell\v1.0\;C:\Windows\System32\OpenSSH\;D:\Program Files\Android\Android Studio\bin;C:\Windows\System32;D:\Program Files\Git\cmd;C:\flutter\bin;D:\Program Files\nodejs\;C:\ProgramData\chocolatey\bin;C:\Python312;C:\Program Files\WireGuard\;C:\Users\senja\AppData\Local\Programs\Python\Python311\;C:\Users\senja\AppData\Local\Programs\Python\Python311\Scripts\;C:\Users\senja\AppData\Local\Programs\Python\Python311;c:\Users\senja\AppData\Local\Programs\cursor\resources\app\bin;C:\tools\dart-sdk\bin;D:\Program Files\MongoDB\Tools\100\bin;D:\Program Files\Java\jdk-17.0.2\bin;C:\xampp\php;C:\ProgramData\ComposerSetup\bin;C:\Users\senja\AppData\Local\Programs\Python\Python311\Scripts\;C:\Users\senja\AppData\Local\Programs\Python\Python311\;C:\Users\senja\AppData\Local\Microsoft\WindowsApps;D:\Users\senja\AppData\Local\Programs\Microsoft VS Code\bin;D:\Program Files\Git\cmd;D:\Program Files\Git\bin\git.exe;C:\Windows\System32;C:\Users\senja\AppData\Roaming\npm;C:\Python312\;C:\tools\dart-sdk\bin;C:\Users\senja\AppData\Local\Pub\Cache\bin;;D:\Program Files\JetBrains\IntelliJ IDEA Community Edition 2024.1\bin;;C:\Users\senja\AppData\Local\Programs\mongosh\;D:\Program Files (x86)\Nmap;C:\Users\senja\AppData\Roaming\Composer\vendor\bin
USERNAME=senja
OS=Windows_NT
PROCESSOR_IDENTIFIER=AMD64 Family 23 Model 1 Stepping 1, AuthenticAMD



---------------  S Y S T E M  ---------------

OS:
 Windows 10 , 64 bit Build 19041 (10.0.19041.4597)
OS uptime: 0 days 5:50 hours

CPU: total 4 (initial active 4) (4 cores per cpu, 1 threads per core) family 23 model 1 stepping 1 microcode 0x0, cx8, cmov, fxsr, mmx, 3dnowpref, sse, sse2, sse3, ssse3, sse4a, sse4.1, sse4.2, popcnt, lzcnt, tsc, tscinvbit, avx, avx2, aes, clmul, bmi1, bmi2, adx, sha, fma, vzeroupper, clflush, clflushopt

Memory: 4k page, system-wide physical 15833M (2358M free)
TotalPageFile size 15833M (AvailPageFile size 95M)
current process WorkingSet (physical memory assigned to process): 11M, peak: 11M
current process commit charge ("private bytes"): 52M, peak: 299M

vm_info: Java HotSpot(TM) 64-Bit Server VM (17.0.2+8-LTS-86) for windows-amd64 JRE (17.0.2+8-LTS-86), built on Dec  7 2021 21:51:03 by "mach5one" with MS VC++ 16.8 / 16.9 (VS2019)

END.
