#
# There is insufficient memory for the Java Runtime Environment to continue.
# Native memory allocation (mmap) failed to map 167772160 bytes for G1 virtual space
# Possible reasons:
#   The system is out of physical RAM or swap space
#   The process is running with CompressedOops enabled, and the Java Heap may be blocking the growth of the native heap
# Possible solutions:
#   Reduce memory load on the system
#   Increase physical memory or swap space
#   Check if swap backing store is full
#   Decrease Java heap size (-Xmx/-Xms)
#   Decrease number of Java threads
#   Decrease Java thread stack sizes (-Xss)
#   Set larger code cache with -XX:ReservedCodeCacheSize=
#   JVM is running with Zero Based Compressed Oops mode in which the Java heap is
#     placed in the first 32GB address space. The Java Heap base address is the
#     maximum limit for the native heap growth. Please use -XX:HeapBaseMinAddress
#     to set the Java Heap base and to place the Java Heap above 32GB virtual address.
# This output file may be truncated or incomplete.
#
#  Out of Memory Error (os_windows.cpp:3532), pid=1304, tid=8980
#
# JRE version: Java(TM) SE Runtime Environment (17.0.2+8) (build 17.0.2+8-LTS-86)
# Java VM: Java HotSpot(TM) 64-Bit Server VM (17.0.2+8-LTS-86, mixed mode, sharing, tiered, compressed oops, compressed class ptrs, g1 gc, windows-amd64)
# No core dump will be written. Minidumps are not enabled by default on client versions of Windows
#

---------------  S U M M A R Y ------------

Command Line: -Dclassworlds.conf=D:\Program Files\NetBeans-15\netbeans\java\maven\bin\m2.conf -Dmaven.home=D:\Program Files\NetBeans-15\netbeans\java\maven -Dlibrary.jansi.path=D:\Program Files\NetBeans-15\netbeans\java\maven\lib\jansi-native -Dmaven.multiModuleProjectDirectory=D:\3.PEKERJAAN\BACKEND\skripsi-big-data-main\backend\hbase_ternaksapi2 org.codehaus.plexus.classworlds.launcher.Launcher -Dmaven.ext.class.path=D:\Program Files\NetBeans-15\netbeans\java\maven-nblib\netbeans-eventspy.jar -Dfile.encoding=UTF-8 clean install

Host: AMD Ryzen 3 1200 Quad-Core Processor           , 4 cores, 15G,  Windows 10 , 64 bit Build 19041 (10.0.19041.4597)
Time: Thu Jul 18 18:54:16 2024 SE Asia Standard Time elapsed time: 13.843360 seconds (0d 0h 0m 13s)

---------------  T H R E A D  ---------------

Current thread (0x000001bdf9f3bb80):  VMThread "VM Thread" [stack: 0x0000005c48300000,0x0000005c48400000] [id=8980]

Stack: [0x0000005c48300000,0x0000005c48400000]
Native frames: (J=compiled Java code, j=interpreted, Vv=VM code, C=native code)
V  [jvm.dll+0x670baa]
V  [jvm.dll+0x7cfcb4]
V  [jvm.dll+0x7d145e]
V  [jvm.dll+0x7d1ac3]
V  [jvm.dll+0x242bc5]
V  [jvm.dll+0x66dac9]
V  [jvm.dll+0x662412]
V  [jvm.dll+0x300c0b]
V  [jvm.dll+0x3081a6]
V  [jvm.dll+0x357d0e]
V  [jvm.dll+0x357f3f]
V  [jvm.dll+0x2d7ec8]
V  [jvm.dll+0x2d6194]
V  [jvm.dll+0x2d579c]
V  [jvm.dll+0x3190eb]
V  [jvm.dll+0x7d5f9b]
V  [jvm.dll+0x7d6cd4]
V  [jvm.dll+0x7d71ec]
V  [jvm.dll+0x7d75c4]
V  [jvm.dll+0x7d7690]
V  [jvm.dll+0x77ff7a]
V  [jvm.dll+0x66fa35]
C  [ucrtbase.dll+0x21bb2]
C  [KERNEL32.DLL+0x17374]
C  [ntdll.dll+0x4cc91]

VM_Operation (0x0000005c47dfad90): G1CollectForAllocation, mode: safepoint, requested by thread 0x000001bdd7f192d0


---------------  P R O C E S S  ---------------

Threads class SMR info:
_java_thread_list=0x000001bdfb1502b0, length=13, elements={
0x000001bdd7f192d0, 0x000001bdf9f40680, 0x000001bdf9f412f0, 0x000001bdf9f56f70,
0x000001bdf9f58840, 0x000001bdf9f591f0, 0x000001bdf9f59ba0, 0x000001bdf9f5ac90,
0x000001bdf9f5eb80, 0x000001bdf9f5f960, 0x000001bdfa9f4710, 0x000001bdfa9fb410,
0x000001bdfb488bb0
}

Java Threads: ( => current thread )
  0x000001bdd7f192d0 JavaThread "main" [_thread_blocked, id=2900, stack(0x0000005c47d00000,0x0000005c47e00000)]
  0x000001bdf9f40680 JavaThread "Reference Handler" daemon [_thread_blocked, id=4100, stack(0x0000005c48400000,0x0000005c48500000)]
  0x000001bdf9f412f0 JavaThread "Finalizer" daemon [_thread_blocked, id=1904, stack(0x0000005c48500000,0x0000005c48600000)]
  0x000001bdf9f56f70 JavaThread "Signal Dispatcher" daemon [_thread_blocked, id=1844, stack(0x0000005c48600000,0x0000005c48700000)]
  0x000001bdf9f58840 JavaThread "Attach Listener" daemon [_thread_blocked, id=6176, stack(0x0000005c48700000,0x0000005c48800000)]
  0x000001bdf9f591f0 JavaThread "Service Thread" daemon [_thread_blocked, id=1192, stack(0x0000005c48800000,0x0000005c48900000)]
  0x000001bdf9f59ba0 JavaThread "Monitor Deflation Thread" daemon [_thread_blocked, id=1424, stack(0x0000005c48900000,0x0000005c48a00000)]
  0x000001bdf9f5ac90 JavaThread "C2 CompilerThread0" daemon [_thread_blocked, id=1548, stack(0x0000005c48a00000,0x0000005c48b00000)]
  0x000001bdf9f5eb80 JavaThread "C1 CompilerThread0" daemon [_thread_blocked, id=2852, stack(0x0000005c48b00000,0x0000005c48c00000)]
  0x000001bdf9f5f960 JavaThread "Sweeper thread" daemon [_thread_blocked, id=5192, stack(0x0000005c48c00000,0x0000005c48d00000)]
  0x000001bdfa9f4710 JavaThread "Notification Thread" daemon [_thread_blocked, id=4036, stack(0x0000005c48d00000,0x0000005c48e00000)]
  0x000001bdfa9fb410 JavaThread "Common-Cleaner" daemon [_thread_blocked, id=4392, stack(0x0000005c48f00000,0x0000005c49000000)]
  0x000001bdfb488bb0 JavaThread "C2 CompilerThread1" daemon [_thread_blocked, id=3180, stack(0x0000005c49300000,0x0000005c49400000)]

Other Threads:
=>0x000001bdf9f3bb80 VMThread "VM Thread" [stack: 0x0000005c48300000,0x0000005c48400000] [id=8980]
  0x000001bdd7f84900 WatcherThread [stack: 0x0000005c48e00000,0x0000005c48f00000] [id=2560]
  0x000001bdd7f687e0 GCTaskThread "GC Thread#0" [stack: 0x0000005c47e00000,0x0000005c47f00000] [id=10716]
  0x000001bdfb1e0cb0 GCTaskThread "GC Thread#1" [stack: 0x0000005c49000000,0x0000005c49100000] [id=2872]
  0x000001bdfb1b55f0 GCTaskThread "GC Thread#2" [stack: 0x0000005c49100000,0x0000005c49200000] [id=2744]
  0x000001bdfb1b58a0 GCTaskThread "GC Thread#3" [stack: 0x0000005c49200000,0x0000005c49300000] [id=1580]
  0x000001bdd7f78ea0 ConcurrentGCThread "G1 Main Marker" [stack: 0x0000005c47f00000,0x0000005c48000000] [id=9748]
  0x000001bdd7f7a050 ConcurrentGCThread "G1 Conc#0" [stack: 0x0000005c48000000,0x0000005c48100000] [id=2224]
  0x000001bdf9e020c0 ConcurrentGCThread "G1 Refine#0" [stack: 0x0000005c48100000,0x0000005c48200000] [id=9920]
  0x000001bdfacac4e0 ConcurrentGCThread "G1 Refine#1" [stack: 0x0000005c49400000,0x0000005c49500000] [id=708]
  0x000001bd801b5240 ConcurrentGCThread "G1 Refine#2" [stack: 0x0000005c49500000,0x0000005c49600000] [id=4200]
  0x000001bd806cb900 ConcurrentGCThread "G1 Refine#3" [stack: 0x0000005c49600000,0x0000005c49700000] [id=8964]
  0x000001bdf9e029e0 ConcurrentGCThread "G1 Service" [stack: 0x0000005c48200000,0x0000005c48300000] [id=9900]

Threads with active compile tasks:

VM state: at safepoint (normal execution)

VM Mutex/Monitor currently owned by a thread:  ([mutex/lock_event])
[0x000001bdd7f14c50] Threads_lock - owner thread: 0x000001bdf9f3bb80
[0x000001bdd7f13db0] Heap_lock - owner thread: 0x000001bdd7f192d0

Heap address: 0x0000000708800000, size: 3960 MB, Compressed Oops mode: Zero based, Oop shift amount: 3

CDS archive(s) mapped at: [0x0000000800000000-0x0000000800bc0000-0x0000000800bc0000), size 12320768, SharedBaseAddress: 0x0000000800000000, ArchiveRelocationMode: 0.
Compressed class space mapped at: 0x0000000800c00000-0x0000000840c00000, reserved size: 1073741824
Narrow klass base: 0x0000000800000000, Narrow klass shift: 0, Narrow klass range: 0x100000000

GC Precious Log:
 CPUs: 4 total, 4 available
 Memory: 15833M
 Large Page Support: Disabled
 NUMA Support: Disabled
 Compressed Oops: Enabled (Zero based)
 Heap Region Size: 2M
 Heap Min Capacity: 8M
 Heap Initial Capacity: 248M
 Heap Max Capacity: 3960M
 Pre-touch: Disabled
 Parallel Workers: 4
 Concurrent Workers: 1
 Concurrent Refinement Workers: 4
 Periodic GC: Disabled

Heap:
 garbage-first heap   total 262144K, used 84199K [0x0000000708800000, 0x0000000800000000)
  region size 2048K, 1 young (2048K), 1 survivors (2048K)
 Metaspace       used 31556K, committed 32064K, reserved 1081344K
  class space    used 3385K, committed 3648K, reserved 1048576K

Heap Regions: E=young(eden), S=young(survivor), O=old, HS=humongous(starts), HC=humongous(continues), CS=collection set, F=free, OA=open archive, CA=closed archive, TAMS=top-at-mark-start (previous, next)
|   0|0x0000000708800000, 0x0000000708a00000, 0x0000000708a00000|100%| O|  |TAMS 0x0000000708a00000, 0x0000000708800000| Untracked 
|   1|0x0000000708a00000, 0x0000000708c00000, 0x0000000708c00000|100%| O|  |TAMS 0x0000000708c00000, 0x0000000708a00000| Untracked 
|   2|0x0000000708c00000, 0x0000000708e00000, 0x0000000708e00000|100%| O|  |TAMS 0x0000000708e00000, 0x0000000708c00000| Untracked 
|   3|0x0000000708e00000, 0x0000000709000000, 0x0000000709000000|100%| O|  |TAMS 0x0000000709000000, 0x0000000708e00000| Untracked 
|   4|0x0000000709000000, 0x0000000709200000, 0x0000000709200000|100%| O|  |TAMS 0x0000000709200000, 0x0000000709000000| Untracked 
|   5|0x0000000709200000, 0x0000000709400000, 0x0000000709400000|100%| O|  |TAMS 0x0000000709400000, 0x0000000709200000| Untracked 
|   6|0x0000000709400000, 0x0000000709600000, 0x0000000709600000|100%| O|  |TAMS 0x0000000709600000, 0x0000000709400000| Untracked 
|   7|0x0000000709600000, 0x0000000709800000, 0x0000000709800000|100%| O|  |TAMS 0x0000000709800000, 0x0000000709600000| Untracked 
|   8|0x0000000709800000, 0x0000000709a00000, 0x0000000709a00000|100%| O|  |TAMS 0x0000000709a00000, 0x0000000709800000| Untracked 
|   9|0x0000000709a00000, 0x0000000709c00000, 0x0000000709c00000|100%| O|  |TAMS 0x0000000709c00000, 0x0000000709a00000| Untracked 
|  10|0x0000000709c00000, 0x0000000709e00000, 0x0000000709e00000|100%| O|  |TAMS 0x0000000709e00000, 0x0000000709c00000| Untracked 
|  11|0x0000000709e00000, 0x0000000709e00000, 0x000000070a000000|  0%| F|  |TAMS 0x0000000709e00000, 0x0000000709e00000| Untracked 
|  12|0x000000070a000000, 0x000000070a200000, 0x000000070a200000|100%| O|  |TAMS 0x000000070a200000, 0x000000070a000000| Untracked 
|  13|0x000000070a200000, 0x000000070a400000, 0x000000070a400000|100%| O|  |TAMS 0x000000070a400000, 0x000000070a200000| Untracked 
|  14|0x000000070a400000, 0x000000070a600000, 0x000000070a600000|100%| O|  |TAMS 0x000000070a600000, 0x000000070a400000| Untracked 
|  15|0x000000070a600000, 0x000000070a800000, 0x000000070a800000|100%| O|  |TAMS 0x000000070a800000, 0x000000070a600000| Untracked 
|  16|0x000000070a800000, 0x000000070aa00000, 0x000000070aa00000|100%| O|  |TAMS 0x000000070aa00000, 0x000000070a800000| Untracked 
|  17|0x000000070aa00000, 0x000000070ac00000, 0x000000070ac00000|100%| O|  |TAMS 0x000000070ac00000, 0x000000070aa00000| Untracked 
|  18|0x000000070ac00000, 0x000000070ae00000, 0x000000070ae00000|100%| O|  |TAMS 0x000000070ae00000, 0x000000070ac00000| Untracked 
|  19|0x000000070ae00000, 0x000000070b000000, 0x000000070b000000|100%| O|  |TAMS 0x000000070b000000, 0x000000070ae00000| Untracked 
|  20|0x000000070b000000, 0x000000070b000000, 0x000000070b200000|  0%| F|  |TAMS 0x000000070b000000, 0x000000070b000000| Untracked 
|  21|0x000000070b200000, 0x000000070b200000, 0x000000070b400000|  0%| F|  |TAMS 0x000000070b200000, 0x000000070b200000| Untracked 
|  22|0x000000070b400000, 0x000000070b600000, 0x000000070b600000|100%| O|  |TAMS 0x000000070b600000, 0x000000070b400000| Untracked 
|  23|0x000000070b600000, 0x000000070b800000, 0x000000070b800000|100%| O|  |TAMS 0x000000070b800000, 0x000000070b600000| Untracked 
|  24|0x000000070b800000, 0x000000070ba00000, 0x000000070ba00000|100%| O|  |TAMS 0x000000070ba00000, 0x000000070b800000| Untracked 
|  25|0x000000070ba00000, 0x000000070bc00000, 0x000000070bc00000|100%| O|  |TAMS 0x000000070bc00000, 0x000000070ba00000| Untracked 
|  26|0x000000070bc00000, 0x000000070be00000, 0x000000070be00000|100%| O|  |TAMS 0x000000070be00000, 0x000000070bc00000| Untracked 
|  27|0x000000070be00000, 0x000000070c000000, 0x000000070c000000|100%|HS|  |TAMS 0x000000070c000000, 0x000000070be00000| Complete 
|  28|0x000000070c000000, 0x000000070c200000, 0x000000070c200000|100%| O|  |TAMS 0x000000070c200000, 0x000000070c000000| Untracked 
|  29|0x000000070c200000, 0x000000070c400000, 0x000000070c400000|100%| O|  |TAMS 0x000000070c400000, 0x000000070c200000| Untracked 
|  30|0x000000070c400000, 0x000000070c600000, 0x000000070c600000|100%| O|  |TAMS 0x000000070c600000, 0x000000070c400000| Untracked 
|  31|0x000000070c600000, 0x000000070c800000, 0x000000070c800000|100%| O|  |TAMS 0x000000070c800000, 0x000000070c600000| Untracked 
|  32|0x000000070c800000, 0x000000070ca00000, 0x000000070ca00000|100%| O|  |TAMS 0x000000070ca00000, 0x000000070c800000| Untracked 
|  33|0x000000070ca00000, 0x000000070cc00000, 0x000000070cc00000|100%| O|  |TAMS 0x000000070cc00000, 0x000000070ca00000| Untracked 
|  34|0x000000070cc00000, 0x000000070ce00000, 0x000000070ce00000|100%| O|  |TAMS 0x000000070ce00000, 0x000000070cc00000| Untracked 
|  35|0x000000070ce00000, 0x000000070d000000, 0x000000070d000000|100%| O|  |TAMS 0x000000070ce56e00, 0x000000070ce00000| Untracked 
|  36|0x000000070d000000, 0x000000070d200000, 0x000000070d200000|100%| O|  |TAMS 0x000000070d000000, 0x000000070d000000| Untracked 
|  37|0x000000070d200000, 0x000000070d400000, 0x000000070d400000|100%| O|  |TAMS 0x000000070d200000, 0x000000070d200000| Untracked 
|  38|0x000000070d400000, 0x000000070d579600, 0x000000070d600000| 73%| O|  |TAMS 0x000000070d400000, 0x000000070d400000| Untracked 
|  39|0x000000070d600000, 0x000000070d600000, 0x000000070d800000|  0%| F|  |TAMS 0x000000070d600000, 0x000000070d600000| Untracked 
|  40|0x000000070d800000, 0x000000070d800000, 0x000000070da00000|  0%| F|  |TAMS 0x000000070d800000, 0x000000070d800000| Untracked 
|  41|0x000000070da00000, 0x000000070da00000, 0x000000070dc00000|  0%| F|  |TAMS 0x000000070da00000, 0x000000070da00000| Untracked 
|  42|0x000000070dc00000, 0x000000070dc00000, 0x000000070de00000|  0%| F|  |TAMS 0x000000070dc00000, 0x000000070dc00000| Untracked 
|  43|0x000000070de00000, 0x000000070de00000, 0x000000070e000000|  0%| F|  |TAMS 0x000000070de00000, 0x000000070de00000| Untracked 
|  44|0x000000070e000000, 0x000000070e000000, 0x000000070e200000|  0%| F|  |TAMS 0x000000070e000000, 0x000000070e000000| Untracked 
|  45|0x000000070e200000, 0x000000070e200000, 0x000000070e400000|  0%| F|  |TAMS 0x000000070e200000, 0x000000070e200000| Untracked 
|  46|0x000000070e400000, 0x000000070e400000, 0x000000070e600000|  0%| F|  |TAMS 0x000000070e400000, 0x000000070e400000| Untracked 
|  47|0x000000070e600000, 0x000000070e600000, 0x000000070e800000|  0%| F|  |TAMS 0x000000070e600000, 0x000000070e600000| Untracked 
|  48|0x000000070e800000, 0x000000070e800000, 0x000000070ea00000|  0%| F|  |TAMS 0x000000070e800000, 0x000000070e800000| Untracked 
|  49|0x000000070ea00000, 0x000000070ea00000, 0x000000070ec00000|  0%| F|  |TAMS 0x000000070ea00000, 0x000000070ea00000| Untracked 
|  50|0x000000070ec00000, 0x000000070ec00000, 0x000000070ee00000|  0%| F|  |TAMS 0x000000070ec00000, 0x000000070ec00000| Untracked 
|  51|0x000000070ee00000, 0x000000070ee00000, 0x000000070f000000|  0%| F|  |TAMS 0x000000070ee00000, 0x000000070ee00000| Untracked 
|  52|0x000000070f000000, 0x000000070f200000, 0x000000070f200000|100%| O|  |TAMS 0x000000070f000000, 0x000000070f000000| Untracked 
|  53|0x000000070f200000, 0x000000070f200000, 0x000000070f400000|  0%| F|  |TAMS 0x000000070f200000, 0x000000070f200000| Untracked 
|  54|0x000000070f400000, 0x000000070f400000, 0x000000070f600000|  0%| F|  |TAMS 0x000000070f400000, 0x000000070f400000| Untracked 
|  55|0x000000070f600000, 0x000000070f600000, 0x000000070f800000|  0%| F|  |TAMS 0x000000070f600000, 0x000000070f600000| Untracked 
|  56|0x000000070f800000, 0x000000070f800000, 0x000000070fa00000|  0%| F|  |TAMS 0x000000070f800000, 0x000000070f800000| Untracked 
|  57|0x000000070fa00000, 0x000000070fa00000, 0x000000070fc00000|  0%| F|  |TAMS 0x000000070fa00000, 0x000000070fa00000| Untracked 
|  58|0x000000070fc00000, 0x000000070fc00000, 0x000000070fe00000|  0%| F|  |TAMS 0x000000070fc00000, 0x000000070fc00000| Untracked 
|  59|0x000000070fe00000, 0x000000070fe00000, 0x0000000710000000|  0%| F|  |TAMS 0x000000070fe00000, 0x000000070fe00000| Untracked 
|  60|0x0000000710000000, 0x0000000710000000, 0x0000000710200000|  0%| F|  |TAMS 0x0000000710000000, 0x0000000710000000| Untracked 
|  61|0x0000000710200000, 0x0000000710200000, 0x0000000710400000|  0%| F|  |TAMS 0x0000000710200000, 0x0000000710200000| Untracked 
|  62|0x0000000710400000, 0x0000000710400000, 0x0000000710600000|  0%| F|  |TAMS 0x0000000710400000, 0x0000000710400000| Untracked 
|  63|0x0000000710600000, 0x0000000710600000, 0x0000000710800000|  0%| F|  |TAMS 0x0000000710600000, 0x0000000710600000| Untracked 
|  64|0x0000000710800000, 0x0000000710800000, 0x0000000710a00000|  0%| F|  |TAMS 0x0000000710800000, 0x0000000710800000| Untracked 
|  65|0x0000000710a00000, 0x0000000710a00000, 0x0000000710c00000|  0%| F|  |TAMS 0x0000000710a00000, 0x0000000710a00000| Untracked 
|  66|0x0000000710c00000, 0x0000000710c00000, 0x0000000710e00000|  0%| F|  |TAMS 0x0000000710c00000, 0x0000000710c00000| Untracked 
|  67|0x0000000710e00000, 0x0000000710e00000, 0x0000000711000000|  0%| F|  |TAMS 0x0000000710e00000, 0x0000000710e00000| Untracked 
|  68|0x0000000711000000, 0x0000000711000000, 0x0000000711200000|  0%| F|  |TAMS 0x0000000711000000, 0x0000000711000000| Untracked 
|  69|0x0000000711200000, 0x0000000711200000, 0x0000000711400000|  0%| F|  |TAMS 0x0000000711200000, 0x0000000711200000| Untracked 
|  70|0x0000000711400000, 0x0000000711400000, 0x0000000711600000|  0%| F|  |TAMS 0x0000000711400000, 0x0000000711400000| Untracked 
|  71|0x0000000711600000, 0x0000000711600000, 0x0000000711800000|  0%| F|  |TAMS 0x0000000711600000, 0x0000000711600000| Untracked 
|  72|0x0000000711800000, 0x0000000711800000, 0x0000000711a00000|  0%| F|  |TAMS 0x0000000711800000, 0x0000000711800000| Untracked 
|  73|0x0000000711a00000, 0x0000000711a00000, 0x0000000711c00000|  0%| F|  |TAMS 0x0000000711a00000, 0x0000000711a00000| Untracked 
|  74|0x0000000711c00000, 0x0000000711c00000, 0x0000000711e00000|  0%| F|  |TAMS 0x0000000711c00000, 0x0000000711c00000| Untracked 
|  75|0x0000000711e00000, 0x0000000711e00000, 0x0000000712000000|  0%| F|  |TAMS 0x0000000711e00000, 0x0000000711e00000| Untracked 
|  76|0x0000000712000000, 0x0000000712000000, 0x0000000712200000|  0%| F|  |TAMS 0x0000000712000000, 0x0000000712000000| Untracked 
|  77|0x0000000712200000, 0x0000000712200000, 0x0000000712400000|  0%| F|  |TAMS 0x0000000712200000, 0x0000000712200000| Untracked 
|  78|0x0000000712400000, 0x0000000712400000, 0x0000000712600000|  0%| F|  |TAMS 0x0000000712400000, 0x0000000712400000| Untracked 
|  79|0x0000000712600000, 0x0000000712600000, 0x0000000712800000|  0%| F|  |TAMS 0x0000000712600000, 0x0000000712600000| Untracked 
|  80|0x0000000712800000, 0x0000000712800000, 0x0000000712a00000|  0%| F|  |TAMS 0x0000000712800000, 0x0000000712800000| Untracked 
|  81|0x0000000712a00000, 0x0000000712a00000, 0x0000000712c00000|  0%| F|  |TAMS 0x0000000712a00000, 0x0000000712a00000| Untracked 
|  82|0x0000000712c00000, 0x0000000712c00000, 0x0000000712e00000|  0%| F|  |TAMS 0x0000000712c00000, 0x0000000712c00000| Untracked 
|  83|0x0000000712e00000, 0x0000000712e00000, 0x0000000713000000|  0%| F|  |TAMS 0x0000000712e00000, 0x0000000712e00000| Untracked 
|  84|0x0000000713000000, 0x0000000713000000, 0x0000000713200000|  0%| F|  |TAMS 0x0000000713000000, 0x0000000713000000| Untracked 
|  85|0x0000000713200000, 0x0000000713200000, 0x0000000713400000|  0%| F|  |TAMS 0x0000000713200000, 0x0000000713200000| Untracked 
|  86|0x0000000713400000, 0x0000000713400000, 0x0000000713600000|  0%| F|  |TAMS 0x0000000713400000, 0x0000000713400000| Untracked 
|  87|0x0000000713600000, 0x0000000713600000, 0x0000000713800000|  0%| F|  |TAMS 0x0000000713600000, 0x0000000713600000| Untracked 
|  88|0x0000000713800000, 0x0000000713800000, 0x0000000713a00000|  0%| F|  |TAMS 0x0000000713800000, 0x0000000713800000| Untracked 
|  89|0x0000000713a00000, 0x0000000713a00000, 0x0000000713c00000|  0%| F|  |TAMS 0x0000000713a00000, 0x0000000713a00000| Untracked 
|  90|0x0000000713c00000, 0x0000000713c00000, 0x0000000713e00000|  0%| F|  |TAMS 0x0000000713c00000, 0x0000000713c00000| Untracked 
|  91|0x0000000713e00000, 0x0000000713e00000, 0x0000000714000000|  0%| F|  |TAMS 0x0000000713e00000, 0x0000000713e00000| Untracked 
|  92|0x0000000714000000, 0x0000000714000000, 0x0000000714200000|  0%| F|  |TAMS 0x0000000714000000, 0x0000000714000000| Untracked 
|  93|0x0000000714200000, 0x0000000714200000, 0x0000000714400000|  0%| F|  |TAMS 0x0000000714200000, 0x0000000714200000| Untracked 
|  94|0x0000000714400000, 0x0000000714400000, 0x0000000714600000|  0%| F|  |TAMS 0x0000000714400000, 0x0000000714400000| Untracked 
|  95|0x0000000714600000, 0x0000000714600000, 0x0000000714800000|  0%| F|  |TAMS 0x0000000714600000, 0x0000000714600000| Untracked 
|  96|0x0000000714800000, 0x0000000714800000, 0x0000000714a00000|  0%| F|  |TAMS 0x0000000714800000, 0x0000000714800000| Untracked 
|  97|0x0000000714a00000, 0x0000000714a00000, 0x0000000714c00000|  0%| F|  |TAMS 0x0000000714a00000, 0x0000000714a00000| Untracked 
|  98|0x0000000714c00000, 0x0000000714c00000, 0x0000000714e00000|  0%| F|  |TAMS 0x0000000714c00000, 0x0000000714c00000| Untracked 
|  99|0x0000000714e00000, 0x0000000714e00000, 0x0000000715000000|  0%| F|  |TAMS 0x0000000714e00000, 0x0000000714e00000| Untracked 
| 100|0x0000000715000000, 0x0000000715000000, 0x0000000715200000|  0%| F|  |TAMS 0x0000000715000000, 0x0000000715000000| Untracked 
| 101|0x0000000715200000, 0x0000000715200000, 0x0000000715400000|  0%| F|  |TAMS 0x0000000715200000, 0x0000000715200000| Untracked 
| 102|0x0000000715400000, 0x0000000715400000, 0x0000000715600000|  0%| F|  |TAMS 0x0000000715400000, 0x0000000715400000| Untracked 
| 103|0x0000000715600000, 0x0000000715600000, 0x0000000715800000|  0%| F|  |TAMS 0x0000000715600000, 0x0000000715600000| Untracked 
| 104|0x0000000715800000, 0x0000000715800000, 0x0000000715a00000|  0%| F|  |TAMS 0x0000000715800000, 0x0000000715800000| Untracked 
| 105|0x0000000715a00000, 0x0000000715a00000, 0x0000000715c00000|  0%| F|  |TAMS 0x0000000715a00000, 0x0000000715a00000| Untracked 
| 106|0x0000000715c00000, 0x0000000715c00000, 0x0000000715e00000|  0%| F|  |TAMS 0x0000000715c00000, 0x0000000715c00000| Untracked 
| 107|0x0000000715e00000, 0x0000000715e00000, 0x0000000716000000|  0%| F|  |TAMS 0x0000000715e00000, 0x0000000715e00000| Untracked 
| 108|0x0000000716000000, 0x00000007160c0858, 0x0000000716200000| 37%| S|CS|TAMS 0x0000000716000000, 0x0000000716000000| Complete 
| 109|0x0000000716200000, 0x0000000716200000, 0x0000000716400000|  0%| F|  |TAMS 0x0000000716200000, 0x0000000716200000| Untracked 
| 110|0x0000000716400000, 0x0000000716400000, 0x0000000716600000|  0%| F|  |TAMS 0x0000000716400000, 0x0000000716400000| Untracked 
| 111|0x0000000716600000, 0x0000000716600000, 0x0000000716800000|  0%| F|  |TAMS 0x0000000716600000, 0x0000000716600000| Untracked 
| 112|0x0000000716800000, 0x0000000716800000, 0x0000000716a00000|  0%| F|  |TAMS 0x0000000716800000, 0x0000000716800000| Untracked 
| 113|0x0000000716a00000, 0x0000000716a00000, 0x0000000716c00000|  0%| F|  |TAMS 0x0000000716a00000, 0x0000000716a00000| Untracked 
| 114|0x0000000716c00000, 0x0000000716c00000, 0x0000000716e00000|  0%| F|  |TAMS 0x0000000716c00000, 0x0000000716c00000| Untracked 
| 115|0x0000000716e00000, 0x0000000716e00000, 0x0000000717000000|  0%| F|  |TAMS 0x0000000716e00000, 0x0000000716e00000| Untracked 
| 116|0x0000000717000000, 0x0000000717000000, 0x0000000717200000|  0%| F|  |TAMS 0x0000000717000000, 0x0000000717000000| Untracked 
| 117|0x0000000717200000, 0x0000000717200000, 0x0000000717400000|  0%| F|  |TAMS 0x0000000717200000, 0x0000000717200000| Untracked 
| 118|0x0000000717400000, 0x0000000717400000, 0x0000000717600000|  0%| F|  |TAMS 0x0000000717400000, 0x0000000717400000| Untracked 
| 119|0x0000000717600000, 0x0000000717600000, 0x0000000717800000|  0%| F|  |TAMS 0x0000000717600000, 0x0000000717600000| Untracked 
| 120|0x0000000717800000, 0x0000000717800000, 0x0000000717a00000|  0%| F|  |TAMS 0x0000000717800000, 0x0000000717800000| Untracked 
| 121|0x0000000717a00000, 0x0000000717a00000, 0x0000000717c00000|  0%| F|  |TAMS 0x0000000717a00000, 0x0000000717a00000| Untracked 
| 122|0x0000000717c00000, 0x0000000717c00000, 0x0000000717e00000|  0%| F|  |TAMS 0x0000000717c00000, 0x0000000717c00000| Untracked 
| 123|0x0000000717e00000, 0x0000000717e00000, 0x0000000718000000|  0%| F|  |TAMS 0x0000000717e00000, 0x0000000717e00000| Untracked 
|1976|0x00000007ff800000, 0x00000007ffa00000, 0x00000007ffa00000|100%| O|  |TAMS 0x00000007ffa00000, 0x00000007ff800000| Untracked 
|1977|0x00000007ffa00000, 0x00000007ffc00000, 0x00000007ffc00000|100%| O|  |TAMS 0x00000007ffc00000, 0x00000007ffa00000| Untracked 
|1978|0x00000007ffc00000, 0x00000007ffe00000, 0x00000007ffe00000|100%| O|  |TAMS 0x00000007ffe00000, 0x00000007ffc00000| Untracked 
|1979|0x00000007ffe00000, 0x0000000800000000, 0x0000000800000000|100%| O|  |TAMS 0x0000000800000000, 0x00000007ffe00000| Untracked 

Card table byte_map: [0x000001bdeef30000,0x000001bdef6f0000] _byte_map_base: 0x000001bdeb6ec000

Marking Bits (Prev, Next): (CMBitMap*) 0x000001bdd7f68e30, (CMBitMap*) 0x000001bdd7f68df0
 Prev Bits: [0x000001bdf3c90000, 0x000001bdf7a70000)
 Next Bits: [0x000001bdefeb0000, 0x000001bdf3c90000)

Polling page: 0x000001bdd5e80000

Metaspace:

Usage:
  Non-class:     27.51 MB used.
      Class:      3.31 MB used.
       Both:     30.82 MB used.

Virtual space:
  Non-class space:       32.00 MB reserved,      27.75 MB ( 87%) committed,  4 nodes.
      Class space:        1.00 GB reserved,       3.56 MB ( <1%) committed,  1 nodes.
             Both:        1.03 GB reserved,      31.31 MB (  3%) committed. 

Chunk freelists:
   Non-Class:  3.47 MB
       Class:  496.00 KB
        Both:  3.95 MB

MaxMetaspaceSize: unlimited
CompressedClassSpaceSize: 1.00 GB
Initial GC threshold: 21.00 MB
Current GC threshold: 50.31 MB
CDS: on
MetaspaceReclaimPolicy: balanced
 - commit_granule_bytes: 65536.
 - commit_granule_words: 8192.
 - virtual_space_node_default_size: 1048576.
 - enlarge_chunks_in_place: 1.
 - new_chunks_are_fully_committed: 0.
 - uncommit_free_chunks: 1.
 - use_allocation_guard: 0.
 - handle_deallocations: 1.


Internal statistics:

num_allocs_failed_limit: 6.
num_arena_births: 238.
num_arena_deaths: 0.
num_vsnodes_births: 5.
num_vsnodes_deaths: 0.
num_space_committed: 501.
num_space_uncommitted: 0.
num_chunks_returned_to_freelist: 6.
num_chunks_taken_from_freelist: 1390.
num_chunk_merges: 3.
num_chunk_splits: 987.
num_chunks_enlarged: 771.
num_purges: 0.
num_inconsistent_stats: 0.

CodeHeap 'non-profiled nmethods': size=120000Kb used=4827Kb max_used=4827Kb free=115172Kb
 bounds [0x000001bde7240000, 0x000001bde7700000, 0x000001bdee770000]
CodeHeap 'profiled nmethods': size=120000Kb used=16838Kb max_used=17893Kb free=103162Kb
 bounds [0x000001bddfd10000, 0x000001bde0e90000, 0x000001bde7240000]
CodeHeap 'non-nmethods': size=5760Kb used=1230Kb max_used=1272Kb free=4529Kb
 bounds [0x000001bddf770000, 0x000001bddf9e0000, 0x000001bddfd10000]
 total_blobs=8294 nmethods=7756 adapters=450
 compilation: enabled
              stopped_count=0, restarted_count=0
 full_count=0

Compilation events (20 events):
Event: 13.753 Thread 0x000001bdf9f5ac90 nmethod 9484 0x000001bde76eb590 code [0x000001bde76eb700, 0x000001bde76eb7f8]
Event: 13.766 Thread 0x000001bdf9f5eb80 9485       3       java.util.zip.ZipFile$Source$Key::hashCode (46 bytes)
Event: 13.767 Thread 0x000001bdf9f5eb80 nmethod 9485 0x000001bde0c1a710 code [0x000001bde0c1a900, 0x000001bde0c1ad18]
Event: 13.781 Thread 0x000001bdfb488bb0 nmethod 9440 0x000001bde76eb910 code [0x000001bde76ebe40, 0x000001bde76f22a0]
Event: 13.804 Thread 0x000001bdf9f5eb80 9486       3       org.codehaus.plexus.classworlds.strategy.SelfFirstStrategy::loadClass (50 bytes)
Event: 13.805 Thread 0x000001bdf9f5eb80 nmethod 9486 0x000001bde085e090 code [0x000001bde085e2a0, 0x000001bde085ecb8]
Event: 13.809 Thread 0x000001bdf9f5eb80 9487       3       org.springframework.boot.maven.ArtifactsLibraries::getFileName (81 bytes)
Event: 13.810 Thread 0x000001bdf9f5eb80 nmethod 9487 0x000001bde0be2410 code [0x000001bde0be2700, 0x000001bde0be3528]
Event: 13.813 Thread 0x000001bdf9f5eb80 9488       3       java.io.FileInputStream::read (5 bytes)
Event: 13.814 Thread 0x000001bdf9f5eb80 nmethod 9488 0x000001bde0928c90 code [0x000001bde0928e20, 0x000001bde0928f68]
Event: 13.814 Thread 0x000001bdf9f5eb80 9490       1       org.springframework.boot.loader.tools.Library::getName (5 bytes)
Event: 13.814 Thread 0x000001bdf9f5eb80 nmethod 9490 0x000001bde76f6090 code [0x000001bde76f6220, 0x000001bde76f62f8]
Event: 13.818 Thread 0x000001bdf9f5eb80 9491       1       org.apache.maven.project.MavenProject::getArtifact (5 bytes)
Event: 13.819 Thread 0x000001bdf9f5eb80 nmethod 9491 0x000001bde76f6390 code [0x000001bde76f6520, 0x000001bde76f65f8]
Event: 13.820 Thread 0x000001bdf9f5eb80 9492       1       org.springframework.boot.loader.tools.Library::getScope (5 bytes)
Event: 13.820 Thread 0x000001bdf9f5eb80 nmethod 9492 0x000001bde76f6690 code [0x000001bde76f6820, 0x000001bde76f68f8]
Event: 13.820 Thread 0x000001bdf9f5eb80 9493       1       org.springframework.boot.loader.tools.Layouts$Jar::getLibraryLocation (3 bytes)
Event: 13.820 Thread 0x000001bdf9f5eb80 nmethod 9493 0x000001bde76f6990 code [0x000001bde76f6b20, 0x000001bde76f6bf8]
Event: 13.831 Thread 0x000001bdf9f5ac90 9494       4       java.security.AccessController::checkContext (49 bytes)
Event: 13.832 Thread 0x000001bdf9f5ac90 nmethod 9494 0x000001bde76f6c90 code [0x000001bde76f6e00, 0x000001bde76f6e98]

GC Heap History (20 events):
Event: 6.541 GC heap after
{Heap after GC invocations=6 (full 0):
 garbage-first heap   total 253952K, used 25519K [0x0000000708800000, 0x0000000800000000)
  region size 2048K, 5 young (10240K), 5 survivors (10240K)
 Metaspace       used 21284K, committed 21504K, reserved 1073152K
  class space    used 2375K, committed 2496K, reserved 1048576K
}
Event: 7.495 GC heap before
{Heap before GC invocations=7 (full 0):
 garbage-first heap   total 96256K, used 72623K [0x0000000708800000, 0x0000000800000000)
  region size 2048K, 28 young (57344K), 5 survivors (10240K)
 Metaspace       used 23304K, committed 23552K, reserved 1073152K
  class space    used 2550K, committed 2688K, reserved 1048576K
}
Event: 7.515 GC heap after
{Heap after GC invocations=8 (full 0):
 garbage-first heap   total 104448K, used 45356K [0x0000000708800000, 0x0000000800000000)
  region size 2048K, 4 young (8192K), 4 survivors (8192K)
 Metaspace       used 23304K, committed 23552K, reserved 1073152K
  class space    used 2550K, committed 2688K, reserved 1048576K
}
Event: 7.539 GC heap before
{Heap before GC invocations=8 (full 0):
 garbage-first heap   total 104448K, used 47404K [0x0000000708800000, 0x0000000800000000)
  region size 2048K, 5 young (10240K), 4 survivors (8192K)
 Metaspace       used 23304K, committed 23552K, reserved 1073152K
  class space    used 2550K, committed 2688K, reserved 1048576K
}
Event: 7.546 GC heap after
{Heap after GC invocations=9 (full 0):
 garbage-first heap   total 104448K, used 48128K [0x0000000708800000, 0x0000000800000000)
  region size 2048K, 1 young (2048K), 1 survivors (2048K)
 Metaspace       used 23304K, committed 23552K, reserved 1073152K
  class space    used 2550K, committed 2688K, reserved 1048576K
}
Event: 8.250 GC heap before
{Heap before GC invocations=9 (full 0):
 garbage-first heap   total 104448K, used 76800K [0x0000000708800000, 0x0000000800000000)
  region size 2048K, 15 young (30720K), 1 survivors (2048K)
 Metaspace       used 23352K, committed 23680K, reserved 1073152K
  class space    used 2550K, committed 2688K, reserved 1048576K
}
Event: 8.258 GC heap after
{Heap after GC invocations=10 (full 0):
 garbage-first heap   total 188416K, used 56223K [0x0000000708800000, 0x0000000800000000)
  region size 2048K, 2 young (4096K), 2 survivors (4096K)
 Metaspace       used 23352K, committed 23680K, reserved 1073152K
  class space    used 2550K, committed 2688K, reserved 1048576K
}
Event: 9.141 GC heap before
{Heap before GC invocations=11 (full 0):
 garbage-first heap   total 188416K, used 121759K [0x0000000708800000, 0x0000000800000000)
  region size 2048K, 34 young (69632K), 2 survivors (4096K)
 Metaspace       used 24279K, committed 24576K, reserved 1073152K
  class space    used 2621K, committed 2752K, reserved 1048576K
}
Event: 9.158 GC heap after
{Heap after GC invocations=12 (full 0):
 garbage-first heap   total 188416K, used 73728K [0x0000000708800000, 0x0000000800000000)
  region size 2048K, 5 young (10240K), 5 survivors (10240K)
 Metaspace       used 24279K, committed 24576K, reserved 1073152K
  class space    used 2621K, committed 2752K, reserved 1048576K
}
Event: 9.178 GC heap before
{Heap before GC invocations=12 (full 0):
 garbage-first heap   total 188416K, used 77824K [0x0000000708800000, 0x0000000800000000)
  region size 2048K, 6 young (12288K), 5 survivors (10240K)
 Metaspace       used 24298K, committed 24576K, reserved 1073152K
  class space    used 2621K, committed 2752K, reserved 1048576K
}
Event: 9.188 GC heap after
{Heap after GC invocations=13 (full 0):
 garbage-first heap   total 188416K, used 76591K [0x0000000708800000, 0x0000000800000000)
  region size 2048K, 1 young (2048K), 1 survivors (2048K)
 Metaspace       used 24298K, committed 24576K, reserved 1073152K
  class space    used 2621K, committed 2752K, reserved 1048576K
}
Event: 9.928 GC heap before
{Heap before GC invocations=13 (full 0):
 garbage-first heap   total 188416K, used 129839K [0x0000000708800000, 0x0000000800000000)
  region size 2048K, 27 young (55296K), 1 survivors (2048K)
 Metaspace       used 25229K, committed 25536K, reserved 1073152K
  class space    used 2693K, committed 2816K, reserved 1048576K
}
Event: 9.934 GC heap after
{Heap after GC invocations=14 (full 0):
 garbage-first heap   total 188416K, used 80785K [0x0000000708800000, 0x0000000800000000)
  region size 2048K, 3 young (6144K), 3 survivors (6144K)
 Metaspace       used 25229K, committed 25536K, reserved 1073152K
  class space    used 2693K, committed 2816K, reserved 1048576K
}
Event: 11.268 GC heap before
{Heap before GC invocations=14 (full 0):
 garbage-first heap   total 188416K, used 134033K [0x0000000708800000, 0x0000000800000000)
  region size 2048K, 29 young (59392K), 3 survivors (6144K)
 Metaspace       used 27438K, committed 27776K, reserved 1081344K
  class space    used 2905K, committed 3072K, reserved 1048576K
}
Event: 11.277 GC heap after
{Heap after GC invocations=15 (full 0):
 garbage-first heap   total 188416K, used 84161K [0x0000000708800000, 0x0000000800000000)
  region size 2048K, 2 young (4096K), 2 survivors (4096K)
 Metaspace       used 27438K, committed 27776K, reserved 1081344K
  class space    used 2905K, committed 3072K, reserved 1048576K
}
Event: 12.899 GC heap before
{Heap before GC invocations=15 (full 0):
 garbage-first heap   total 188416K, used 139457K [0x0000000708800000, 0x0000000800000000)
  region size 2048K, 28 young (57344K), 2 survivors (4096K)
 Metaspace       used 30244K, committed 30656K, reserved 1081344K
  class space    used 3224K, committed 3392K, reserved 1048576K
}
Event: 12.908 GC heap after
{Heap after GC invocations=16 (full 0):
 garbage-first heap   total 188416K, used 91604K [0x0000000708800000, 0x0000000800000000)
  region size 2048K, 4 young (8192K), 4 survivors (8192K)
 Metaspace       used 30244K, committed 30656K, reserved 1081344K
  class space    used 3224K, committed 3392K, reserved 1048576K
}
Event: 13.754 GC heap before
{Heap before GC invocations=17 (full 0):
 garbage-first heap   total 212992K, used 169428K [0x0000000708800000, 0x0000000800000000)
  region size 2048K, 29 young (59392K), 4 survivors (8192K)
 Metaspace       used 31308K, committed 31744K, reserved 1081344K
  class space    used 3351K, committed 3584K, reserved 1048576K
}
Event: 13.764 GC heap after
{Heap after GC invocations=18 (full 0):
 garbage-first heap   total 212992K, used 89561K [0x0000000708800000, 0x0000000800000000)
  region size 2048K, 3 young (6144K), 3 survivors (6144K)
 Metaspace       used 31308K, committed 31744K, reserved 1081344K
  class space    used 3351K, committed 3584K, reserved 1048576K
}
Event: 13.837 GC heap before
{Heap before GC invocations=18 (full 0):
 garbage-first heap   total 212992K, used 91609K [0x0000000708800000, 0x0000000800000000)
  region size 2048K, 5 young (10240K), 3 survivors (6144K)
 Metaspace       used 31556K, committed 32064K, reserved 1081344K
  class space    used 3385K, committed 3648K, reserved 1048576K
}

Deoptimization events (20 events):
Event: 13.035 Thread 0x000001bdd7f192d0 Uncommon trap: trap_request=0xffffffde fr.pc=0x000001bde767772c relative=0x000000000000038c
Event: 13.035 Thread 0x000001bdd7f192d0 Uncommon trap: reason=class_check action=maybe_recompile pc=0x000001bde767772c method=java.util.Collections$3.nextElement()Ljava/lang/Object; @ 4 c2
Event: 13.035 Thread 0x000001bdd7f192d0 DEOPT PACKING pc=0x000001bde767772c sp=0x0000005c47dfd6a0
Event: 13.035 Thread 0x000001bdd7f192d0 DEOPT UNPACKING pc=0x000001bddf7c23a3 sp=0x0000005c47dfd670 mode 2
Event: 13.035 Thread 0x000001bdd7f192d0 Uncommon trap: trap_request=0xffffffde fr.pc=0x000001bde767772c relative=0x000000000000038c
Event: 13.035 Thread 0x000001bdd7f192d0 Uncommon trap: reason=class_check action=maybe_recompile pc=0x000001bde767772c method=java.util.Collections$3.nextElement()Ljava/lang/Object; @ 4 c2
Event: 13.035 Thread 0x000001bdd7f192d0 DEOPT PACKING pc=0x000001bde767772c sp=0x0000005c47dfd6a0
Event: 13.035 Thread 0x000001bdd7f192d0 DEOPT UNPACKING pc=0x000001bddf7c23a3 sp=0x0000005c47dfd670 mode 2
Event: 13.074 Thread 0x000001bdd7f192d0 DEOPT PACKING pc=0x000001bde01951e8 sp=0x0000005c47dfbf50
Event: 13.074 Thread 0x000001bdd7f192d0 DEOPT UNPACKING pc=0x000001bddf7c2b43 sp=0x0000005c47dfb3f0 mode 0
Event: 13.162 Thread 0x000001bdd7f192d0 DEOPT PACKING pc=0x000001bde0acc965 sp=0x0000005c47dfbf40
Event: 13.162 Thread 0x000001bdd7f192d0 DEOPT UNPACKING pc=0x000001bddf7c2b43 sp=0x0000005c47dfb430 mode 0
Event: 13.300 Thread 0x000001bdd7f192d0 DEOPT PACKING pc=0x000001bde06618b0 sp=0x0000005c47dfcae0
Event: 13.300 Thread 0x000001bdd7f192d0 DEOPT UNPACKING pc=0x000001bddf7c2b43 sp=0x0000005c47dfbf40 mode 0
Event: 13.350 Thread 0x000001bdd7f192d0 DEOPT PACKING pc=0x000001bde0acc965 sp=0x0000005c47dfc700
Event: 13.350 Thread 0x000001bdd7f192d0 DEOPT UNPACKING pc=0x000001bddf7c2b43 sp=0x0000005c47dfbbf0 mode 0
Event: 13.404 Thread 0x000001bdd7f192d0 DEOPT PACKING pc=0x000001bde0acc965 sp=0x0000005c47dfd2d0
Event: 13.404 Thread 0x000001bdd7f192d0 DEOPT UNPACKING pc=0x000001bddf7c2b43 sp=0x0000005c47dfc7c0 mode 0
Event: 13.609 Thread 0x000001bdd7f192d0 DEOPT PACKING pc=0x000001bde0672434 sp=0x0000005c47dfd110
Event: 13.609 Thread 0x000001bdd7f192d0 DEOPT UNPACKING pc=0x000001bddf7c2b43 sp=0x0000005c47dfc5c0 mode 0

Classes unloaded (0 events):
No events

Classes redefined (0 events):
No events

Internal exceptions (20 events):
Event: 11.400 Thread 0x000001bdd7f192d0 Exception <a 'sun/nio/fs/WindowsException'{0x00000007160a6e20}> (0x00000007160a6e20) 
thrown [t:\workspace\open\src\hotspot\share\prims\jni.cpp, line 516]
Event: 11.406 Thread 0x000001bdd7f192d0 Exception <a 'sun/nio/fs/WindowsException'{0x00000007160c1bc8}> (0x00000007160c1bc8) 
thrown [t:\workspace\open\src\hotspot\share\prims\jni.cpp, line 516]
Event: 11.408 Thread 0x000001bdd7f192d0 Exception <a 'sun/nio/fs/WindowsException'{0x00000007160c9b80}> (0x00000007160c9b80) 
thrown [t:\workspace\open\src\hotspot\share\prims\jni.cpp, line 516]
Event: 11.438 Thread 0x000001bdd7f192d0 Exception <a 'sun/nio/fs/WindowsException'{0x00000007161043a0}> (0x00000007161043a0) 
thrown [t:\workspace\open\src\hotspot\share\prims\jni.cpp, line 516]
Event: 11.469 Thread 0x000001bdd7f192d0 Exception <a 'sun/nio/fs/WindowsException'{0x000000071611b9f0}> (0x000000071611b9f0) 
thrown [t:\workspace\open\src\hotspot\share\prims\jni.cpp, line 516]
Event: 11.477 Thread 0x000001bdd7f192d0 Exception <a 'sun/nio/fs/WindowsException'{0x000000071615aa98}> (0x000000071615aa98) 
thrown [t:\workspace\open\src\hotspot\share\prims\jni.cpp, line 516]
Event: 11.502 Thread 0x000001bdd7f192d0 Exception <a 'sun/nio/fs/WindowsException'{0x0000000715e9f4f0}> (0x0000000715e9f4f0) 
thrown [t:\workspace\open\src\hotspot\share\prims\jni.cpp, line 516]
Event: 11.565 Thread 0x000001bdd7f192d0 Exception <a 'java/lang/NoSuchMethodError'{0x0000000715a173b8}: 'java.lang.Object java.lang.invoke.DirectMethodHandle$Holder.newInvokeSpecial(java.lang.Object, java.lang.Object, java.lang.Object, int)'> (0x0000000715a173b8) 
thrown [t:\workspace\open\src\hotspot\share\interpreter\linkResolver.cpp, line 766]
Event: 11.566 Thread 0x000001bdd7f192d0 Exception <a 'java/lang/NoSuchMethodError'{0x0000000715a1bce8}: 'java.lang.Object java.lang.invoke.DirectMethodHandle$Holder.invokeSpecial(java.lang.Object, java.lang.Object, java.lang.Object, java.lang.Object, int)'> (0x0000000715a1bce8) 
thrown [t:\workspace\open\src\hotspot\share\interpreter\linkResolver.cpp, line 766]
Event: 11.566 Thread 0x000001bdd7f192d0 Exception <a 'java/lang/NoSuchMethodError'{0x0000000715a1fe00}: 'java.lang.Object java.lang.invoke.Invokers$Holder.linkToTargetMethod(java.lang.Object, java.lang.Object, int, java.lang.Object)'> (0x0000000715a1fe00) 
thrown [t:\workspace\open\src\hotspot\share\interpreter\linkResolver.cpp, line 766]
Event: 11.605 Thread 0x000001bdd7f192d0 Exception <a 'sun/nio/fs/WindowsException'{0x0000000715bbcee8}> (0x0000000715bbcee8) 
thrown [t:\workspace\open\src\hotspot\share\prims\jni.cpp, line 516]
Event: 11.605 Thread 0x000001bdd7f192d0 Exception <a 'sun/nio/fs/WindowsException'{0x0000000715bbd678}> (0x0000000715bbd678) 
thrown [t:\workspace\open\src\hotspot\share\prims\jni.cpp, line 516]
Event: 11.611 Thread 0x000001bdd7f192d0 Exception <a 'sun/nio/fs/WindowsException'{0x0000000715bc0a70}> (0x0000000715bc0a70) 
thrown [t:\workspace\open\src\hotspot\share\prims\jni.cpp, line 516]
Event: 11.613 Thread 0x000001bdd7f192d0 Exception <a 'sun/nio/fs/WindowsException'{0x0000000715bc4088}> (0x0000000715bc4088) 
thrown [t:\workspace\open\src\hotspot\share\prims\jni.cpp, line 516]
Event: 11.619 Thread 0x000001bdd7f192d0 Exception <a 'sun/nio/fs/WindowsException'{0x0000000712a0b628}> (0x0000000712a0b628) 
thrown [t:\workspace\open\src\hotspot\share\prims\jni.cpp, line 516]
Event: 12.393 Thread 0x000001bdd7f192d0 Exception <a 'java/lang/NoSuchMethodError'{0x0000000711a6a848}: 'java.lang.String org.apache.maven.execution.MavenExecutionRequest.getFailureBehavior()'> (0x0000000711a6a848) 
thrown [t:\workspace\open\src\hotspot\share\interpreter\linkResolver.cpp, line 862]
Event: 12.397 Thread 0x000001bdfc1875d0 Exception <a 'java/lang/NoSuchMethodError'{0x0000000711d46d60}: 'java.lang.Object java.lang.invoke.DirectMethodHandle$Holder.invokeStaticInit(java.lang.Object, java.lang.Object, long, java.lang.Object)'> (0x0000000711d46d60) 
thrown [t:\workspace\open\src\hotspot\share\interpreter\linkResolver.cpp, line 766]
Event: 12.398 Thread 0x000001bdfc1875d0 Exception <a 'java/lang/NoSuchMethodError'{0x0000000711d4d450}: 'java.lang.Object java.lang.invoke.DirectMethodHandle$Holder.newInvokeSpecial(java.lang.Object, java.lang.Object, long)'> (0x0000000711d4d450) 
thrown [t:\workspace\open\src\hotspot\share\interpreter\linkResolver.cpp, line 766]
Event: 12.398 Thread 0x000001bdfc1875d0 Exception <a 'java/lang/NoSuchMethodError'{0x0000000711d50fc0}: 'java.lang.Object java.lang.invoke.Invokers$Holder.linkToTargetMethod(java.lang.Object, long, java.lang.Object)'> (0x0000000711d50fc0) 
thrown [t:\workspace\open\src\hotspot\share\interpreter\linkResolver.cpp, line 766]
Event: 13.653 Thread 0x000001bdd7f192d0 Exception <a 'java/lang/NoClassDefFoundError'{0x0000000712a408b8}: org/sonatype/aether/graph/DependencyNode> (0x0000000712a408b8) 
thrown [t:\workspace\open\src\hotspot\share\classfile\systemDictionary.cpp, line 245]

VM Operations (20 events):
Event: 12.721 Executing VM operation: HandshakeAllThreads done
Event: 12.776 Executing VM operation: HandshakeAllThreads
Event: 12.776 Executing VM operation: HandshakeAllThreads done
Event: 12.898 Executing VM operation: G1TryInitiateConcMark
Event: 12.908 Executing VM operation: G1TryInitiateConcMark done
Event: 12.920 Executing VM operation: HandshakeAllThreads
Event: 12.920 Executing VM operation: HandshakeAllThreads done
Event: 12.988 Executing VM operation: HandshakeAllThreads
Event: 12.991 Executing VM operation: HandshakeAllThreads done
Event: 12.992 Executing VM operation: HandshakeAllThreads
Event: 12.992 Executing VM operation: HandshakeAllThreads done
Event: 13.004 Executing VM operation: G1Concurrent
Event: 13.008 Executing VM operation: G1Concurrent done
Event: 13.050 Executing VM operation: G1Concurrent
Event: 13.050 Executing VM operation: G1Concurrent done
Event: 13.674 Executing VM operation: ICBufferFull
Event: 13.674 Executing VM operation: ICBufferFull done
Event: 13.754 Executing VM operation: G1CollectForAllocation
Event: 13.764 Executing VM operation: G1CollectForAllocation done
Event: 13.837 Executing VM operation: G1CollectForAllocation

Events (20 events):
Event: 13.614 loading class javax/management/MBeanServerConnection
Event: 13.614 loading class javax/management/MBeanServerConnection done
Event: 13.614 loading class javax/management/ReflectionException
Event: 13.614 loading class javax/management/JMException
Event: 13.614 loading class javax/management/JMException done
Event: 13.614 loading class javax/management/ReflectionException done
Event: 13.621 loading class javax/management/InstanceNotFoundException
Event: 13.621 loading class javax/management/OperationsException
Event: 13.621 loading class javax/management/OperationsException done
Event: 13.622 loading class javax/management/InstanceNotFoundException done
Event: 13.635 loading class java/util/jar/JarOutputStream
Event: 13.635 loading class java/util/zip/ZipOutputStream
Event: 13.635 loading class java/util/zip/ZipOutputStream done
Event: 13.635 loading class java/util/jar/JarOutputStream done
Event: 13.791 loading class java/util/jar/JarInputStream
Event: 13.792 loading class java/util/zip/ZipInputStream
Event: 13.792 loading class java/util/zip/ZipInputStream done
Event: 13.792 loading class java/util/jar/JarInputStream done
Event: 13.805 loading class java/lang/invoke/DirectMethodHandle$Special
Event: 13.805 loading class java/lang/invoke/DirectMethodHandle$Special done


Dynamic libraries:
0x00007ff7b36d0000 - 0x00007ff7b36e0000 	D:\Program Files\Java\jdk-17.0.2\bin\java.exe
0x00007ffe660d0000 - 0x00007ffe662c8000 	C:\Windows\SYSTEM32\ntdll.dll
0x00007ffe64f00000 - 0x00007ffe64fc1000 	C:\Windows\System32\KERNEL32.DLL
0x00007ffe63a90000 - 0x00007ffe63d86000 	C:\Windows\System32\KERNELBASE.dll
0x00007ffe63780000 - 0x00007ffe63880000 	C:\Windows\System32\ucrtbase.dll
0x00007ffe5f630000 - 0x00007ffe5f648000 	D:\Program Files\Java\jdk-17.0.2\bin\jli.dll
0x00007ffe60050000 - 0x00007ffe6006a000 	D:\Program Files\Java\jdk-17.0.2\bin\VCRUNTIME140.dll
0x00007ffe64380000 - 0x00007ffe64430000 	C:\Windows\System32\ADVAPI32.dll
0x00007ffe65d90000 - 0x00007ffe65e2e000 	C:\Windows\System32\msvcrt.dll
0x00007ffe642d0000 - 0x00007ffe64370000 	C:\Windows\System32\sechost.dll
0x00007ffe65580000 - 0x00007ffe656a3000 	C:\Windows\System32\RPCRT4.dll
0x00007ffe63f70000 - 0x00007ffe63f97000 	C:\Windows\System32\bcrypt.dll
0x00007ffe64100000 - 0x00007ffe6429f000 	C:\Windows\System32\USER32.dll
0x00007ffe640d0000 - 0x00007ffe640f2000 	C:\Windows\System32\win32u.dll
0x00007ffe642a0000 - 0x00007ffe642cb000 	C:\Windows\System32\GDI32.dll
0x00007ffe546b0000 - 0x00007ffe5494a000 	C:\Windows\WinSxS\amd64_microsoft.windows.common-controls_6595b64144ccf1df_6.0.19041.4355_none_60b8b9eb71f62e16\COMCTL32.dll
0x00007ffe63e50000 - 0x00007ffe63f67000 	C:\Windows\System32\gdi32full.dll
0x00007ffe64030000 - 0x00007ffe640cd000 	C:\Windows\System32\msvcp_win.dll
0x00007ffe5bfe0000 - 0x00007ffe5bfea000 	C:\Windows\SYSTEM32\VERSION.dll
0x00007ffe654c0000 - 0x00007ffe654ef000 	C:\Windows\System32\IMM32.DLL
0x00007ffe60b50000 - 0x00007ffe60b5c000 	D:\Program Files\Java\jdk-17.0.2\bin\vcruntime140_1.dll
0x00007ffe4b060000 - 0x00007ffe4b0ed000 	D:\Program Files\Java\jdk-17.0.2\bin\msvcp140.dll
0x00007ffe30730000 - 0x00007ffe312f1000 	D:\Program Files\Java\jdk-17.0.2\bin\server\jvm.dll
0x00007ffe64370000 - 0x00007ffe64378000 	C:\Windows\System32\PSAPI.DLL
0x00007ffe572c0000 - 0x00007ffe572e7000 	C:\Windows\SYSTEM32\WINMM.dll
0x00007ffe43060000 - 0x00007ffe43069000 	C:\Windows\SYSTEM32\WSOCK32.dll
0x00007ffe65ee0000 - 0x00007ffe65f4b000 	C:\Windows\System32\WS2_32.dll
0x00007ffe61fe0000 - 0x00007ffe61ff2000 	C:\Windows\SYSTEM32\kernel.appcore.dll
0x00007ffe5ffb0000 - 0x00007ffe5ffba000 	D:\Program Files\Java\jdk-17.0.2\bin\jimage.dll
0x00007ffe61da0000 - 0x00007ffe61f84000 	C:\Windows\SYSTEM32\DBGHELP.DLL
0x00007ffe43790000 - 0x00007ffe437c4000 	C:\Windows\SYSTEM32\dbgcore.DLL
0x00007ffe63fa0000 - 0x00007ffe64022000 	C:\Windows\System32\bcryptPrimitives.dll
0x00007ffe5ffe0000 - 0x00007ffe60005000 	D:\Program Files\Java\jdk-17.0.2\bin\java.dll
0x00007ffe5e480000 - 0x00007ffe5e556000 	D:\Program Files\Java\jdk-17.0.2\bin\jsvml.dll
0x00007ffe64430000 - 0x00007ffe64b9c000 	C:\Windows\System32\SHELL32.dll
0x00007ffe61530000 - 0x00007ffe61cce000 	C:\Windows\SYSTEM32\windows.storage.dll
0x00007ffe64ba0000 - 0x00007ffe64ef3000 	C:\Windows\System32\combase.dll
0x00007ffe63130000 - 0x00007ffe6315e000 	C:\Windows\SYSTEM32\Wldp.dll
0x00007ffe65a80000 - 0x00007ffe65b4d000 	C:\Windows\System32\OLEAUT32.dll
0x00007ffe65e30000 - 0x00007ffe65edd000 	C:\Windows\System32\SHCORE.dll
0x00007ffe66030000 - 0x00007ffe66085000 	C:\Windows\System32\shlwapi.dll
0x00007ffe636b0000 - 0x00007ffe636d4000 	C:\Windows\SYSTEM32\profapi.dll
0x00007ffe5e930000 - 0x00007ffe5e949000 	D:\Program Files\Java\jdk-17.0.2\bin\net.dll
0x00007ffe5c450000 - 0x00007ffe5c55a000 	C:\Windows\SYSTEM32\WINHTTP.dll
0x00007ffe62e90000 - 0x00007ffe62efa000 	C:\Windows\system32\mswsock.dll
0x00007ffe5e910000 - 0x00007ffe5e926000 	D:\Program Files\Java\jdk-17.0.2\bin\nio.dll
0x00007ffe5e8f0000 - 0x00007ffe5e908000 	D:\Program Files\Java\jdk-17.0.2\bin\zip.dll
0x0000000069ac0000 - 0x0000000069ae4000 	D:\Program Files\NetBeans-15\netbeans\java\maven\lib\jansi-native\Windows\x86_64\jansi.dll
0x00007ffe5f6e0000 - 0x00007ffe5f6f0000 	D:\Program Files\Java\jdk-17.0.2\bin\verify.dll

dbghelp: loaded successfully - version: 4.0.5 - missing functions: none
symbol engine: initialized successfully - sym options: 0x614 - pdb path: .;D:\Program Files\Java\jdk-17.0.2\bin;C:\Windows\SYSTEM32;C:\Windows\WinSxS\amd64_microsoft.windows.common-controls_6595b64144ccf1df_6.0.19041.4355_none_60b8b9eb71f62e16;D:\Program Files\Java\jdk-17.0.2\bin\server;D:\Program Files\NetBeans-15\netbeans\java\maven\lib\jansi-native\Windows\x86_64

VM Arguments:
jvm_args: -Dclassworlds.conf=D:\Program Files\NetBeans-15\netbeans\java\maven\bin\m2.conf -Dmaven.home=D:\Program Files\NetBeans-15\netbeans\java\maven -Dlibrary.jansi.path=D:\Program Files\NetBeans-15\netbeans\java\maven\lib\jansi-native -Dmaven.multiModuleProjectDirectory=D:\3.PEKERJAAN\BACKEND\skripsi-big-data-main\backend\hbase_ternaksapi2 
java_command: org.codehaus.plexus.classworlds.launcher.Launcher -Dmaven.ext.class.path=D:\Program Files\NetBeans-15\netbeans\java\maven-nblib\netbeans-eventspy.jar -Dfile.encoding=UTF-8 clean install
java_class_path (initial): D:\Program Files\NetBeans-15\netbeans\java\maven\boot\plexus-classworlds-2.6.0.jar
Launcher Type: SUN_STANDARD

[Global flags]
     intx CICompilerCount                          = 3                                         {product} {ergonomic}
     uint ConcGCThreads                            = 1                                         {product} {ergonomic}
     uint G1ConcRefinementThreads                  = 4                                         {product} {ergonomic}
   size_t G1HeapRegionSize                         = 2097152                                   {product} {ergonomic}
    uintx GCDrainStackTargetSize                   = 64                                        {product} {ergonomic}
   size_t InitialHeapSize                          = 260046848                                 {product} {ergonomic}
   size_t MarkStackSize                            = 4194304                                   {product} {ergonomic}
   size_t MaxHeapSize                              = 4152360960                                {product} {ergonomic}
   size_t MaxNewSize                               = 2491416576                                {product} {ergonomic}
   size_t MinHeapDeltaBytes                        = 2097152                                   {product} {ergonomic}
   size_t MinHeapSize                              = 8388608                                   {product} {ergonomic}
    uintx NonNMethodCodeHeapSize                   = 5832780                                {pd product} {ergonomic}
    uintx NonProfiledCodeHeapSize                  = 122912730                              {pd product} {ergonomic}
    uintx ProfiledCodeHeapSize                     = 122912730                              {pd product} {ergonomic}
    uintx ReservedCodeCacheSize                    = 251658240                              {pd product} {ergonomic}
     bool SegmentedCodeCache                       = true                                      {product} {ergonomic}
   size_t SoftMaxHeapSize                          = 4152360960                             {manageable} {ergonomic}
     bool UseCompressedClassPointers               = true                           {product lp64_product} {ergonomic}
     bool UseCompressedOops                        = true                           {product lp64_product} {ergonomic}
     bool UseG1GC                                  = true                                      {product} {ergonomic}
     bool UseLargePagesIndividualAllocation        = false                                  {pd product} {ergonomic}

Logging:
Log output configuration:
 #0: stdout all=warning uptime,level,tags
 #1: stderr all=off uptime,level,tags

Environment Variables:
JAVA_HOME=D:\Program Files\Java\jdk-17.0.2
PATH=C:\Python312\Scripts\;C:\Python312\;C:\Program Files\Common Files\Oracle\Java\javapath;C:\Windows\system32;C:\Windows;C:\Windows\System32\Wbem;C:\Windows\System32\WindowsPowerShell\v1.0\;C:\Windows\System32\OpenSSH\;D:\Program Files\Android\Android Studio\bin;C:\Windows\System32;D:\Program Files\Git\cmd;C:\flutter\bin;D:\Program Files\nodejs\;C:\ProgramData\chocolatey\bin;C:\Python312;C:\Program Files\WireGuard\;C:\Users\senja\AppData\Local\Programs\Python\Python311\;C:\Users\senja\AppData\Local\Programs\Python\Python311\Scripts\;C:\Users\senja\AppData\Local\Programs\Python\Python311;c:\Users\senja\AppData\Local\Programs\cursor\resources\app\bin;C:\tools\dart-sdk\bin;D:\Program Files\MongoDB\Tools\100\bin;D:\Program Files\Java\jdk-17.0.2\bin;C:\xampp\php;C:\ProgramData\ComposerSetup\bin;C:\Users\senja\AppData\Local\Programs\Python\Python311\Scripts\;C:\Users\senja\AppData\Local\Programs\Python\Python311\;C:\Users\senja\AppData\Local\Microsoft\WindowsApps;D:\Users\senja\AppData\Local\Programs\Microsoft VS Code\bin;D:\Program Files\Git\cmd;D:\Program Files\Git\bin\git.exe;C:\Windows\System32;C:\Users\senja\AppData\Roaming\npm;C:\Python312\;C:\tools\dart-sdk\bin;C:\Users\senja\AppData\Local\Pub\Cache\bin;;D:\Program Files\JetBrains\IntelliJ IDEA Community Edition 2024.1\bin;;C:\Users\senja\AppData\Local\Programs\mongosh\;D:\Program Files (x86)\Nmap;C:\Users\senja\AppData\Roaming\Composer\vendor\bin
USERNAME=senja
OS=Windows_NT
PROCESSOR_IDENTIFIER=AMD64 Family 23 Model 1 Stepping 1, AuthenticAMD



---------------  S Y S T E M  ---------------

OS:
 Windows 10 , 64 bit Build 19041 (10.0.19041.4597)
OS uptime: 0 days 6:02 hours

CPU: total 4 (initial active 4) (4 cores per cpu, 1 threads per core) family 23 model 1 stepping 1 microcode 0x0, cx8, cmov, fxsr, mmx, 3dnowpref, sse, sse2, sse3, ssse3, sse4a, sse4.1, sse4.2, popcnt, lzcnt, tsc, tscinvbit, avx, avx2, aes, clmul, bmi1, bmi2, adx, sha, fma, vzeroupper, clflush, clflushopt

Memory: 4k page, system-wide physical 15833M (2288M free)
TotalPageFile size 15833M (AvailPageFile size 82M)
current process WorkingSet (physical memory assigned to process): 357M, peak: 372M
current process commit charge ("private bytes"): 439M, peak: 599M

vm_info: Java HotSpot(TM) 64-Bit Server VM (17.0.2+8-LTS-86) for windows-amd64 JRE (17.0.2+8-LTS-86), built on Dec  7 2021 21:51:03 by "mach5one" with MS VC++ 16.8 / 16.9 (VS2019)

END.
